<?xml version="1.0" encoding="UTF-8" ?>
<testsuites>
  <testsuite errors="0" failures="0" hostname="SUDTHIMM-1W9YE" id="0" name="StudentLoginSuite" package="frontEndTest" skipped="1" tests="28" time="0.606" timestamp="2017-03-23T10:34:53">
      <properties>
[...]
</properties>

      <testcase classname="frontEndTest.StudentTest" name="studentNameMoreThanTwentyChar" time="0.002" />

      <testcase classname="frontEndTest.StudentTest" name="studentNameEntry" time="0.0" />

      <testcase classname="frontEndTest.StudentTest" name="studentNamewithSpace" time="0.001" />

      <testcase classname="frontEndTest.StudentTest" name="EmptystudentName" time="0.0" />

      <testcase classname="frontEndTest.StudentTest" name="rollNumberEntry" time="0.001" />

      <testcase classname="frontEndTest.StudentTest" name="studentNamewithNumbersSpecialChar" time="0.001" />

      <testcase classname="frontEndTest.StudentTest" name="rollNumberzero" time="0.0" />

      <testcase classname="dataBaseTest.DbConnectivityTest" name="fetchMarksUsingUserName" time="0.328" />

      <testcase classname="dataBaseTest.DbConnectivityTest" name="fetchMarksUsingUserNameroll" time="0.0" />

      <testcase classname="dataBaseTest.DbConnectivityTest" name="fetchMarks" time="0.015" />

      <testcase classname="dataBaseTest.DbConnectivityTest" name="fetchMarkswhenrollnumberWrong" time="0.013" />

      <testcase classname="dataBaseTest.DbConnectivityTest" name="fetchMarkswhenUserNameWrong" time="0.014" />

      <testcase classname="dataBaseTest.DbConnectivityTest" name="fetchMarkswhenUserNameempty" time="0.0" />

      <testcase classname="dataBaseTest.DbConnectivityTest" name="fetchMarkswhenUserNameWrongRollNumWrong" time="0.021" />

      <testcase classname="backEndTest.TestResult" name="resultIsStudentNameEmpty" time="0.0" />

      <testcase classname="backEndTest.TestResult" name="resultIsFailIfScoreNotEquanegativescore" time="0.013" />

      <testcase classname="backEndTest.TestResult" name="resultIsPassIfScore60dotzero" time="0.011" />

      <testcase classname="backEndTest.TestResult" name="resultIsFailIfScoreNotEqual60" time="0.014" />

      <testcase classname="backEndTest.TestResult" name="dbConnectivity" time="0.0">
          <skipped />

      </testcase>

      <testcase classname="backEndTest.TestResult" name="resultIsPassIfScore60" time="0.011" />

      <testcase classname="backEndTest.TestResult" name="resultForInvalidUserName" time="0.015" />

      <testcase classname="backEndTest.TestResult" name="resultIsFailIfScoremorethan60" time="0.015" />

      <testcase classname="backEndTest.TestResult" name="resultIsFailIfScoremorethan100" time="0.012" />

      <testcase classname="backEndTest.TestResult" name="resultForspecialcharterstudentname" time="0.001" />

      <testcase classname="frontEndTest.StudentLoginTest" name="emptyStudentNamevalidRollNumber" time="0.0" />

      <testcase classname="frontEndTest.StudentLoginTest" name="validStudentNameivalidRollNumber" time="0.0" />

      <testcase classname="frontEndTest.StudentLoginTest" name="validStudentNamevalidRollNumber" time="0.0" />

      <testcase classname="frontEndTest.StudentLoginTest" name="emptyStudentNameivalidRollNumber" time="0.0" />

      <system-out><![CDATA[Test
loop
Test
Test
loop
Test
Test
Test
Test
Test
Test
loop
Test
loop
Test
loop
Test
loop
Test
Test
loop
Test
loop
Test
]]></system-out>

      <system-err><![CDATA[]]></system-err>

  </testsuite>
</testsuites>
